[INFO] 11:37:17:66 tp0/(24426:24426): soy un log
[INFO] 11:59:33:208 tp0/(25459:25459): soy un log
[INFO] 12:22:29:324 tp0/(26186:26186): soy un log
[INFO] 12:23:05:943 tp0/(26250:26250): soy un log
[INFO] 12:23:12:135 tp0/(26272:26272): soy un log
[INFO] 12:23:19:279 tp0/(26295:26295): soy un log
[INFO] 12:54:27:779 tp0/(1249:1249): soy un log
[INFO] 12:57:42:854 tp0/(1761:1761): soy un log
[INFO] 12:59:54:645 tp0/(2202:2202): soy un log
[INFO] 13:01:56:355 tp0/(2311:2311): soy un log
[INFO] 13:02:36:562 tp0/(2322:2322): soy un log
[INFO] 13:03:30:745 tp0/(2385:2385): soy un log
[INFO] 13:17:46:991 tp0/(3698:3698): soy un log
[INFO] 13:18:39:184 tp0/(4173:4173): soy un log
[INFO] 13:18:40:598 tp0/(4173:4173): Hola, soy un valor
[INFO] 13:19:48:498 tp0/(4217:4217): soy un log
[INFO] 13:19:49:793 tp0/(4217:4217): Hola, soy un valor
[INFO] 13:31:03:147 tp0/(6350:6350): soy un log
[INFO] 13:31:10:641 tp0/(6350:6350): Hola, soy un valor
[INFO] 13:37:48:827 tp0/(6621:6621): soy un log
[INFO] 13:37:51:411 tp0/(6621:6621): Hola, soy un valor
[INFO] 19:27:24:713 tp0/(5489:5489): soy un log
[INFO] 19:27:30:718 tp0/(5489:5489): Hola, soy un valor
[INFO] 19:30:54:662 tp0/(5579:5579): soy un log
[INFO] 19:31:22:522 tp0/(5598:5598): soy un log
[INFO] 19:32:03:157 tp0/(5653:5653): soy un log
[INFO] 19:32:05:138 tp0/(5653:5653): Hola, soy un valor
[INFO] 19:32:24:563 tp0/(5659:5659): soy un log
[INFO] 19:32:27:345 tp0/(5659:5659): Hola, soy un valor
[INFO] 19:33:44:340 tp0/(5697:5697): soy un log
[INFO] 19:34:00:349 tp0/(5697:5697): 
[INFO] 19:34:00:349 tp0/(5697:5697): Hola, soy un valor
[INFO] 19:38:51:92 tp0/(5832:5832): soy un log
[INFO] 19:39:05:383 tp0/(5849:5849): soy un log
[INFO] 19:39:14:968 tp0/(5863:5863): soy un log
[INFO] 19:40:46:891 tp0/(5890:5890): soy un log
[INFO] 19:40:47:592 tp0/(5890:5890): asdf
[INFO] 19:40:51:640 tp0/(5890:5890): asldkmflsa
[INFO] 19:40:52:832 tp0/(5890:5890): 
[INFO] 19:40:52:832 tp0/(5890:5890): Hola, soy un valor
[INFO] 19:41:04:909 tp0/(5894:5894): soy un log
[INFO] 19:41:06:926 tp0/(5894:5894): alskdmdf
[INFO] 19:41:08:500 tp0/(5894:5894): flkmsdf
[INFO] 19:41:09:77 tp0/(5894:5894): 
[INFO] 19:41:09:88 tp0/(5894:5894): Hola, soy un valor
[INFO] 19:42:57:397 tp0/(5973:5973): soy un log
[INFO] 19:42:57:397 tp0/(5973:5973): ê]√UHâÂHç=ù
[INFO] 19:42:59:755 tp0/(5973:5973): asdfg
[INFO] 19:43:01:234 tp0/(5973:5973): asdfggg
[INFO] 19:43:03:450 tp0/(5973:5973): asdfgewefr
[INFO] 19:43:05:155 tp0/(5973:5973): Hola, soy un valor
[INFO] 19:43:53:85 tp0/(6004:6004): soy un log
[INFO] 19:43:53:85 tp0/(6004:6004): ê]√UHâÂHç=ù
[INFO] 19:44:42:136 tp0/(6038:6038): soy un log
[INFO] 19:44:42:837 tp0/(6038:6038): asdf
[INFO] 19:44:44:197 tp0/(6038:6038): fff
[INFO] 19:44:46:877 tp0/(6038:6038): Ahora zi
[INFO] 19:44:47:786 tp0/(6038:6038): Hola, soy un valor
[INFO] 19:44:55:684 tp0/(6043:6043): soy un log
[INFO] 19:44:57:396 tp0/(6043:6043): asdf
[INFO] 19:44:58:690 tp0/(6043:6043): ffff
[INFO] 19:44:59:253 tp0/(6043:6043): Hola, soy un valor
